HTTP server running on port 4000
WebSocket server running on port 4001
Alert for robot-002: {
  type: 'vibration_warning',
  severity: 'warning',
  message: 'Vibration exceeds threshold',
  value: 0.9713088829227088
}
Alert for robot-003: {
  type: 'vibration_warning',
  severity: 'warning',
  message: 'Vibration exceeds threshold',
  value: 0.8452187597582376
}
Alert for robot-003: {
  type: 'vibration_warning',
  severity: 'warning',
  message: 'Vibration exceeds threshold',
  value: 0.9919747081378022
}
Alert for robot-001: {
  type: 'vibration_warning',
  severity: 'warning',
  message: 'Vibration exceeds threshold',
  value: 0.8626606380609592
}
Alert for robot-003: {
  type: 'vibration_warning',
  severity: 'warning',
  message: 'Vibration exceeds threshold',
  value: 0.9230379748481999
}
Alert for robot-002: {
  type: 'vibration_warning',
  severity: 'warning',
  message: 'Vibration exceeds threshold',
  value: 0.981101328536292
}
Alert for robot-002: {
  type: 'vibration_warning',
  severity: 'warning',
  message: 'Vibration exceeds threshold',
  value: 0.9872585648935605
}
